[2023-02-24 16:50:10.431] [INFO ] [main] com.springboot.myfirsttime.MyfirsttimeApplication Starting MyfirsttimeApplication using Java 1.8.0_202 on DESKTOP-1U5LA4H with PID 11520 (D:\IntelliJProj\myfirsttime\target\classes started by khyme in D:\IntelliJProj\myfirsttime)
[2023-02-24 16:50:10.436] [INFO ] [main] com.springboot.myfirsttime.MyfirsttimeApplication No active profile set, falling back to 1 default profile: "default"
[2023-02-24 16:50:11.202] [INFO ] [main] org.springframework.data.repository.config.RepositoryConfigurationDelegate Bootstrapping Spring Data JPA repositories in DEFAULT mode.
[2023-02-24 16:50:11.249] [INFO ] [main] org.springframework.data.repository.config.RepositoryConfigurationDelegate Finished Spring Data repository scanning in 40 ms. Found 2 JPA repository interfaces.
[2023-02-24 16:50:11.743] [INFO ] [main] org.springframework.boot.web.embedded.tomcat.TomcatWebServer Tomcat initialized with port(s): 8080 (http)
[2023-02-24 16:50:11.751] [INFO ] [main] org.apache.coyote.http11.Http11NioProtocol Initializing ProtocolHandler ["http-nio-8080"]
[2023-02-24 16:50:11.751] [INFO ] [main] org.apache.catalina.core.StandardService Starting service [Tomcat]
[2023-02-24 16:50:11.751] [INFO ] [main] org.apache.catalina.core.StandardEngine Starting Servlet engine: [Apache Tomcat/9.0.70]
[2023-02-24 16:50:11.877] [INFO ] [main] org.apache.catalina.core.ContainerBase.[Tomcat].[localhost].[/] Initializing Spring embedded WebApplicationContext
[2023-02-24 16:50:11.878] [INFO ] [main] org.springframework.boot.web.servlet.context.ServletWebServerApplicationContext Root WebApplicationContext: initialization completed in 1411 ms
[2023-02-24 16:50:12.076] [INFO ] [main] org.hibernate.jpa.internal.util.LogHelper HHH000204: Processing PersistenceUnitInfo [name: default]
[2023-02-24 16:50:12.128] [INFO ] [main] org.hibernate.Version HHH000412: Hibernate ORM core version 5.6.14.Final
[2023-02-24 16:50:12.268] [INFO ] [main] org.hibernate.annotations.common.Version HCANN000001: Hibernate Commons Annotations {5.1.2.Final}
[2023-02-24 16:50:12.353] [INFO ] [main] com.zaxxer.hikari.HikariDataSource HikariPool-1 - Starting...
[2023-02-24 16:50:12.419] [INFO ] [main] com.zaxxer.hikari.HikariDataSource HikariPool-1 - Start completed.
[2023-02-24 16:50:12.445] [INFO ] [main] org.hibernate.dialect.Dialect HHH000400: Using dialect: org.hibernate.dialect.MariaDB106Dialect
[2023-02-24 16:50:13.077] [INFO ] [main] org.hibernate.engine.transaction.jta.platform.internal.JtaPlatformInitiator HHH000490: Using JtaPlatform implementation: [org.hibernate.engine.transaction.jta.platform.internal.NoJtaPlatform]
[2023-02-24 16:50:13.083] [INFO ] [main] org.springframework.orm.jpa.LocalContainerEntityManagerFactoryBean Initialized JPA EntityManagerFactory for persistence unit 'default'
[2023-02-24 16:50:13.453] [INFO ] [main] com.springboot.myfirsttime.config.security.JwtTokenProvider [init] JwtTokenProvider 내 secretKey 초기화 시작
[2023-02-24 16:50:13.453] [INFO ] [main] com.springboot.myfirsttime.config.security.JwtTokenProvider [init] JwtTokenProvider 내 secretKey 초기화 완료
[2023-02-24 16:50:13.592] [WARN ] [main] org.springframework.boot.autoconfigure.orm.jpa.JpaBaseConfiguration$JpaWebConfiguration spring.jpa.open-in-view is enabled by default. Therefore, database queries may be performed during view rendering. Explicitly configure spring.jpa.open-in-view to disable this warning
[2023-02-24 16:50:13.798] [INFO ] [main] springfox.documentation.spring.web.PropertySourcedRequestMappingHandlerMapping Mapped URL path [/v2/api-docs] onto method [springfox.documentation.swagger2.web.Swagger2Controller#getDocumentation(String, HttpServletRequest)]
[2023-02-24 16:50:13.920] [INFO ] [main] org.springframework.security.web.DefaultSecurityFilterChain Will secure any request with [org.springframework.security.web.session.DisableEncodeUrlFilter@29c80149, org.springframework.security.web.context.request.async.WebAsyncManagerIntegrationFilter@14ad42, org.springframework.security.web.context.SecurityContextPersistenceFilter@63f3366a, org.springframework.security.web.header.HeaderWriterFilter@11e24688, org.springframework.security.web.authentication.logout.LogoutFilter@13662609, com.springboot.myfirsttime.config.security.JwtAuthenticationFilter@608b906d, org.springframework.security.web.savedrequest.RequestCacheAwareFilter@56f84c9b, org.springframework.security.web.servletapi.SecurityContextHolderAwareRequestFilter@5cdda548, org.springframework.security.web.authentication.AnonymousAuthenticationFilter@173cfb01, org.springframework.security.web.session.SessionManagementFilter@c2e33, org.springframework.security.web.access.ExceptionTranslationFilter@28e91f6d, org.springframework.security.web.access.intercept.FilterSecurityInterceptor@75f8d9b0]
[2023-02-24 16:50:14.089] [WARN ] [main] org.springframework.security.config.annotation.web.builders.WebSecurity You are asking Spring Security to ignore Ant [pattern='/v2/api-docs']. This is not recommended -- please use permitAll via HttpSecurity#authorizeHttpRequests instead.
[2023-02-24 16:50:14.089] [INFO ] [main] org.springframework.security.web.DefaultSecurityFilterChain Will not secure Ant [pattern='/v2/api-docs']
[2023-02-24 16:50:14.090] [WARN ] [main] org.springframework.security.config.annotation.web.builders.WebSecurity You are asking Spring Security to ignore Ant [pattern='/swagger-resources/**']. This is not recommended -- please use permitAll via HttpSecurity#authorizeHttpRequests instead.
[2023-02-24 16:50:14.090] [INFO ] [main] org.springframework.security.web.DefaultSecurityFilterChain Will not secure Ant [pattern='/swagger-resources/**']
[2023-02-24 16:50:14.090] [WARN ] [main] org.springframework.security.config.annotation.web.builders.WebSecurity You are asking Spring Security to ignore Ant [pattern='/swagger-ui.html']. This is not recommended -- please use permitAll via HttpSecurity#authorizeHttpRequests instead.
[2023-02-24 16:50:14.090] [INFO ] [main] org.springframework.security.web.DefaultSecurityFilterChain Will not secure Ant [pattern='/swagger-ui.html']
[2023-02-24 16:50:14.090] [WARN ] [main] org.springframework.security.config.annotation.web.builders.WebSecurity You are asking Spring Security to ignore Ant [pattern='/webjars/**']. This is not recommended -- please use permitAll via HttpSecurity#authorizeHttpRequests instead.
[2023-02-24 16:50:14.090] [INFO ] [main] org.springframework.security.web.DefaultSecurityFilterChain Will not secure Ant [pattern='/webjars/**']
[2023-02-24 16:50:14.090] [WARN ] [main] org.springframework.security.config.annotation.web.builders.WebSecurity You are asking Spring Security to ignore Ant [pattern='sign-api/exception']. This is not recommended -- please use permitAll via HttpSecurity#authorizeHttpRequests instead.
[2023-02-24 16:50:14.090] [INFO ] [main] org.springframework.security.web.DefaultSecurityFilterChain Will not secure Ant [pattern='sign-api/exception']
[2023-02-24 16:50:14.110] [INFO ] [main] org.apache.coyote.http11.Http11NioProtocol Starting ProtocolHandler ["http-nio-8080"]
[2023-02-24 16:50:14.123] [INFO ] [main] org.springframework.boot.web.embedded.tomcat.TomcatWebServer Tomcat started on port(s): 8080 (http) with context path ''
[2023-02-24 16:50:14.124] [INFO ] [main] springfox.documentation.spring.web.plugins.DocumentationPluginsBootstrapper Context refreshed
[2023-02-24 16:50:14.142] [INFO ] [main] springfox.documentation.spring.web.plugins.DocumentationPluginsBootstrapper Found 1 custom documentation plugin(s)
[2023-02-24 16:50:14.162] [INFO ] [main] springfox.documentation.spring.web.scanners.ApiListingReferenceScanner Scanning for api listing references
[2023-02-24 16:50:14.274] [INFO ] [main] com.springboot.myfirsttime.MyfirsttimeApplication Started MyfirsttimeApplication in 4.198 seconds (JVM running for 4.584)
[2023-02-24 16:57:36.478] [INFO ] [http-nio-8080-exec-2] org.apache.catalina.core.ContainerBase.[Tomcat].[localhost].[/] Initializing Spring DispatcherServlet 'dispatcherServlet'
[2023-02-24 16:57:36.478] [INFO ] [http-nio-8080-exec-2] org.springframework.web.servlet.DispatcherServlet Initializing Servlet 'dispatcherServlet'
[2023-02-24 16:57:36.480] [INFO ] [http-nio-8080-exec-2] org.springframework.web.servlet.DispatcherServlet Completed initialization in 2 ms
[2023-02-24 16:57:36.490] [INFO ] [http-nio-8080-exec-2] com.springboot.myfirsttime.config.security.JwtTokenProvider [resolveToken] HTTP 헤더에서 Token 값 추출
[2023-02-24 16:57:36.490] [INFO ] [http-nio-8080-exec-2] com.springboot.myfirsttime.config.security.JwtAuthenticationFilter [doFilterInternal] token 값 추출 완료 , .token : null
[2023-02-24 16:57:36.490] [INFO ] [http-nio-8080-exec-2] com.springboot.myfirsttime.config.security.JwtAuthenticationFilter [doFilterInternal] token 값 유효성 체크 시작
[2023-02-24 16:57:36.517] [INFO ] [http-nio-8080-exec-2] com.springboot.myfirsttime.board.service.impl.BoardServiceImpl [writeBoard] 글 작성 메소드 시작
[2023-02-24 16:57:36.518] [INFO ] [http-nio-8080-exec-2] com.springboot.myfirsttime.board.service.impl.BoardServiceImpl [writeBoard] BoardRequestDto 전달 완료
[2023-02-24 16:57:36.592] [INFO ] [http-nio-8080-exec-2] com.springboot.myfirsttime.board.service.impl.BoardServiceImpl [writeBoard] 글 작성 완료
[2023-02-24 16:58:33.630] [INFO ] [http-nio-8080-exec-3] com.springboot.myfirsttime.config.security.JwtTokenProvider [resolveToken] HTTP 헤더에서 Token 값 추출
[2023-02-24 16:58:33.630] [INFO ] [http-nio-8080-exec-3] com.springboot.myfirsttime.config.security.JwtAuthenticationFilter [doFilterInternal] token 값 추출 완료 , .token : null
[2023-02-24 16:58:33.630] [INFO ] [http-nio-8080-exec-3] com.springboot.myfirsttime.config.security.JwtAuthenticationFilter [doFilterInternal] token 값 유효성 체크 시작
[2023-02-24 16:58:33.635] [INFO ] [http-nio-8080-exec-3] com.springboot.myfirsttime.board.service.impl.BoardServiceImpl [showBoardList] 글 리스트 출력 시작
[2023-02-24 16:58:33.731] [INFO ] [http-nio-8080-exec-3] com.springboot.myfirsttime.board.service.impl.BoardServiceImpl [showBoardList] 글 리스트 출력 완료
[2023-02-24 16:58:37.259] [INFO ] [http-nio-8080-exec-4] com.springboot.myfirsttime.config.security.JwtTokenProvider [resolveToken] HTTP 헤더에서 Token 값 추출
[2023-02-24 16:58:37.260] [INFO ] [http-nio-8080-exec-4] com.springboot.myfirsttime.config.security.JwtAuthenticationFilter [doFilterInternal] token 값 추출 완료 , .token : null
[2023-02-24 16:58:37.260] [INFO ] [http-nio-8080-exec-4] com.springboot.myfirsttime.config.security.JwtAuthenticationFilter [doFilterInternal] token 값 유효성 체크 시작
[2023-02-24 16:58:37.271] [INFO ] [http-nio-8080-exec-4] com.springboot.myfirsttime.board.service.impl.BoardServiceImpl [showBoardList] 글 출력 시작
[2023-02-24 16:58:37.319] [ERROR] [http-nio-8080-exec-4] org.apache.catalina.core.ContainerBase.[Tomcat].[localhost].[/].[dispatcherServlet] Servlet.service() for servlet [dispatcherServlet] in context with path [] threw exception [Request processing failed; nested exception is org.springframework.dao.InvalidDataAccessApiUsageException: Executing an update/delete query; nested exception is javax.persistence.TransactionRequiredException: Executing an update/delete query] with root cause
javax.persistence.TransactionRequiredException: Executing an update/delete query
	at org.hibernate.internal.AbstractSharedSessionContract.checkTransactionNeededForUpdateOperation(AbstractSharedSessionContract.java:445)
	at org.hibernate.query.internal.AbstractProducedQuery.executeUpdate(AbstractProducedQuery.java:1692)
	at com.querydsl.jpa.impl.JPAUpdateClause.execute(JPAUpdateClause.java:76)
	at com.springboot.myfirsttime.board.data.repository.Impl.BoardCustomRepositoryImpl.viewAdd(BoardCustomRepositoryImpl.java:39)
	at com.springboot.myfirsttime.board.data.repository.Impl.BoardCustomRepositoryImpl$$FastClassBySpringCGLIB$$a009a71a.invoke(<generated>)
	at org.springframework.cglib.proxy.MethodProxy.invoke(MethodProxy.java:218)
	at org.springframework.aop.framework.CglibAopProxy$CglibMethodInvocation.invokeJoinpoint(CglibAopProxy.java:793)
	at org.springframework.aop.framework.ReflectiveMethodInvocation.proceed(ReflectiveMethodInvocation.java:163)
	at org.springframework.aop.framework.CglibAopProxy$CglibMethodInvocation.proceed(CglibAopProxy.java:763)
	at org.springframework.dao.support.PersistenceExceptionTranslationInterceptor.invoke(PersistenceExceptionTranslationInterceptor.java:137)
	at org.springframework.aop.framework.ReflectiveMethodInvocation.proceed(ReflectiveMethodInvocation.java:186)
	at org.springframework.aop.framework.CglibAopProxy$CglibMethodInvocation.proceed(CglibAopProxy.java:763)
	at org.springframework.aop.framework.CglibAopProxy$DynamicAdvisedInterceptor.intercept(CglibAopProxy.java:708)
	at com.springboot.myfirsttime.board.data.repository.Impl.BoardCustomRepositoryImpl$$EnhancerBySpringCGLIB$$de5a6a2b.viewAdd(<generated>)
	at sun.reflect.NativeMethodAccessorImpl.invoke0(Native Method)
	at sun.reflect.NativeMethodAccessorImpl.invoke(NativeMethodAccessorImpl.java:62)
	at sun.reflect.DelegatingMethodAccessorImpl.invoke(DelegatingMethodAccessorImpl.java:43)
	at java.lang.reflect.Method.invoke(Method.java:498)
	at org.springframework.data.repository.core.support.RepositoryMethodInvoker$RepositoryFragmentMethodInvoker.lambda$new$0(RepositoryMethodInvoker.java:289)
	at org.springframework.data.repository.core.support.RepositoryMethodInvoker.doInvoke(RepositoryMethodInvoker.java:137)
	at org.springframework.data.repository.core.support.RepositoryMethodInvoker.invoke(RepositoryMethodInvoker.java:121)
	at org.springframework.data.repository.core.support.RepositoryComposition$RepositoryFragments.invoke(RepositoryComposition.java:530)
	at org.springframework.data.repository.core.support.RepositoryComposition.invoke(RepositoryComposition.java:286)
	at org.springframework.data.repository.core.support.RepositoryFactorySupport$ImplementationMethodExecutionInterceptor.invoke(RepositoryFactorySupport.java:640)
	at org.springframework.aop.framework.ReflectiveMethodInvocation.proceed(ReflectiveMethodInvocation.java:186)
	at org.springframework.data.repository.core.support.QueryExecutorMethodInterceptor.doInvoke(QueryExecutorMethodInterceptor.java:164)
	at org.springframework.data.repository.core.support.QueryExecutorMethodInterceptor.invoke(QueryExecutorMethodInterceptor.java:139)
	at org.springframework.aop.framework.ReflectiveMethodInvocation.proceed(ReflectiveMethodInvocation.java:186)
	at org.springframework.data.projection.DefaultMethodInvokingMethodInterceptor.invoke(DefaultMethodInvokingMethodInterceptor.java:81)
	at org.springframework.aop.framework.ReflectiveMethodInvocation.proceed(ReflectiveMethodInvocation.java:186)
	at org.springframework.transaction.interceptor.TransactionInterceptor$1.proceedWithInvocation(TransactionInterceptor.java:123)
	at org.springframework.transaction.interceptor.TransactionAspectSupport.invokeWithinTransaction(TransactionAspectSupport.java:388)
	at org.springframework.transaction.interceptor.TransactionInterceptor.invoke(TransactionInterceptor.java:119)
	at org.springframework.aop.framework.ReflectiveMethodInvocation.proceed(ReflectiveMethodInvocation.java:186)
	at org.springframework.dao.support.PersistenceExceptionTranslationInterceptor.invoke(PersistenceExceptionTranslationInterceptor.java:137)
	at org.springframework.aop.framework.ReflectiveMethodInvocation.proceed(ReflectiveMethodInvocation.java:186)
	at org.springframework.data.jpa.repository.support.CrudMethodMetadataPostProcessor$CrudMethodMetadataPopulatingMethodInterceptor.invoke(CrudMethodMetadataPostProcessor.java:174)
	at org.springframework.aop.framework.ReflectiveMethodInvocation.proceed(ReflectiveMethodInvocation.java:186)
	at org.springframework.aop.interceptor.ExposeInvocationInterceptor.invoke(ExposeInvocationInterceptor.java:97)
	at org.springframework.aop.framework.ReflectiveMethodInvocation.proceed(ReflectiveMethodInvocation.java:186)
	at org.springframework.aop.framework.JdkDynamicAopProxy.invoke(JdkDynamicAopProxy.java:215)
	at com.sun.proxy.$Proxy131.viewAdd(Unknown Source)
	at com.springboot.myfirsttime.board.service.impl.BoardServiceImpl.showBoard(BoardServiceImpl.java:49)
	at com.springboot.myfirsttime.board.controller.BoardController.readBoard(BoardController.java:54)
	at com.springboot.myfirsttime.board.controller.BoardController$$FastClassBySpringCGLIB$$52940757.invoke(<generated>)
	at org.springframework.cglib.proxy.MethodProxy.invoke(MethodProxy.java:218)
	at org.springframework.aop.framework.CglibAopProxy.invokeMethod(CglibAopProxy.java:386)
	at org.springframework.aop.framework.CglibAopProxy.access$000(CglibAopProxy.java:85)
	at org.springframework.aop.framework.CglibAopProxy$DynamicAdvisedInterceptor.intercept(CglibAopProxy.java:704)
	at com.springboot.myfirsttime.board.controller.BoardController$$EnhancerBySpringCGLIB$$6c24a33e.readBoard(<generated>)
	at sun.reflect.NativeMethodAccessorImpl.invoke0(Native Method)
	at sun.reflect.NativeMethodAccessorImpl.invoke(NativeMethodAccessorImpl.java:62)
	at sun.reflect.DelegatingMethodAccessorImpl.invoke(DelegatingMethodAccessorImpl.java:43)
	at java.lang.reflect.Method.invoke(Method.java:498)
	at org.springframework.web.method.support.InvocableHandlerMethod.doInvoke(InvocableHandlerMethod.java:205)
	at org.springframework.web.method.support.InvocableHandlerMethod.invokeForRequest(InvocableHandlerMethod.java:150)
	at org.springframework.web.servlet.mvc.method.annotation.ServletInvocableHandlerMethod.invokeAndHandle(ServletInvocableHandlerMethod.java:117)
	at org.springframework.web.servlet.mvc.method.annotation.RequestMappingHandlerAdapter.invokeHandlerMethod(RequestMappingHandlerAdapter.java:895)
	at org.springframework.web.servlet.mvc.method.annotation.RequestMappingHandlerAdapter.handleInternal(RequestMappingHandlerAdapter.java:808)
	at org.springframework.web.servlet.mvc.method.AbstractHandlerMethodAdapter.handle(AbstractHandlerMethodAdapter.java:87)
	at org.springframework.web.servlet.DispatcherServlet.doDispatch(DispatcherServlet.java:1071)
	at org.springframework.web.servlet.DispatcherServlet.doService(DispatcherServlet.java:964)
	at org.springframework.web.servlet.FrameworkServlet.processRequest(FrameworkServlet.java:1006)
	at org.springframework.web.servlet.FrameworkServlet.doGet(FrameworkServlet.java:898)
	at javax.servlet.http.HttpServlet.service(HttpServlet.java:670)
	at org.springframework.web.servlet.FrameworkServlet.service(FrameworkServlet.java:883)
	at javax.servlet.http.HttpServlet.service(HttpServlet.java:779)
	at org.apache.catalina.core.ApplicationFilterChain.internalDoFilter(ApplicationFilterChain.java:227)
	at org.apache.catalina.core.ApplicationFilterChain.doFilter(ApplicationFilterChain.java:162)
	at org.apache.tomcat.websocket.server.WsFilter.doFilter(WsFilter.java:53)
	at org.apache.catalina.core.ApplicationFilterChain.internalDoFilter(ApplicationFilterChain.java:189)
	at org.apache.catalina.core.ApplicationFilterChain.doFilter(ApplicationFilterChain.java:162)
	at org.springframework.security.web.FilterChainProxy$VirtualFilterChain.doFilter(FilterChainProxy.java:337)
	at org.springframework.security.web.access.intercept.FilterSecurityInterceptor.invoke(FilterSecurityInterceptor.java:115)
	at org.springframework.security.web.access.intercept.FilterSecurityInterceptor.doFilter(FilterSecurityInterceptor.java:81)
	at org.springframework.security.web.FilterChainProxy$VirtualFilterChain.doFilter(FilterChainProxy.java:346)
	at org.springframework.security.web.access.ExceptionTranslationFilter.doFilter(ExceptionTranslationFilter.java:122)
	at org.springframework.security.web.access.ExceptionTranslationFilter.doFilter(ExceptionTranslationFilter.java:116)
	at org.springframework.security.web.FilterChainProxy$VirtualFilterChain.doFilter(FilterChainProxy.java:346)
	at org.springframework.security.web.session.SessionManagementFilter.doFilter(SessionManagementFilter.java:126)
	at org.springframework.security.web.session.SessionManagementFilter.doFilter(SessionManagementFilter.java:81)
	at org.springframework.security.web.FilterChainProxy$VirtualFilterChain.doFilter(FilterChainProxy.java:346)
	at org.springframework.security.web.authentication.AnonymousAuthenticationFilter.doFilter(AnonymousAuthenticationFilter.java:109)
	at org.springframework.security.web.FilterChainProxy$VirtualFilterChain.doFilter(FilterChainProxy.java:346)
	at org.springframework.security.web.servletapi.SecurityContextHolderAwareRequestFilter.doFilter(SecurityContextHolderAwareRequestFilter.java:149)
	at org.springframework.security.web.FilterChainProxy$VirtualFilterChain.doFilter(FilterChainProxy.java:346)
	at org.springframework.security.web.savedrequest.RequestCacheAwareFilter.doFilter(RequestCacheAwareFilter.java:63)
	at org.springframework.security.web.FilterChainProxy$VirtualFilterChain.doFilter(FilterChainProxy.java:346)
	at com.springboot.myfirsttime.config.security.JwtAuthenticationFilter.doFilterInternal(JwtAuthenticationFilter.java:38)
	at org.springframework.web.filter.OncePerRequestFilter.doFilter(OncePerRequestFilter.java:117)
	at org.springframework.security.web.FilterChainProxy$VirtualFilterChain.doFilter(FilterChainProxy.java:346)
	at org.springframework.security.web.authentication.logout.LogoutFilter.doFilter(LogoutFilter.java:103)
	at org.springframework.security.web.authentication.logout.LogoutFilter.doFilter(LogoutFilter.java:89)
	at org.springframework.security.web.FilterChainProxy$VirtualFilterChain.doFilter(FilterChainProxy.java:346)
	at org.springframework.security.web.header.HeaderWriterFilter.doHeadersAfter(HeaderWriterFilter.java:90)
	at org.springframework.security.web.header.HeaderWriterFilter.doFilterInternal(HeaderWriterFilter.java:75)
	at org.springframework.web.filter.OncePerRequestFilter.doFilter(OncePerRequestFilter.java:117)
	at org.springframework.security.web.FilterChainProxy$VirtualFilterChain.doFilter(FilterChainProxy.java:346)
	at org.springframework.security.web.context.SecurityContextPersistenceFilter.doFilter(SecurityContextPersistenceFilter.java:112)
	at org.springframework.security.web.context.SecurityContextPersistenceFilter.doFilter(SecurityContextPersistenceFilter.java:82)
	at org.springframework.security.web.FilterChainProxy$VirtualFilterChain.doFilter(FilterChainProxy.java:346)
	at org.springframework.security.web.context.request.async.WebAsyncManagerIntegrationFilter.doFilterInternal(WebAsyncManagerIntegrationFilter.java:55)
	at org.springframework.web.filter.OncePerRequestFilter.doFilter(OncePerRequestFilter.java:117)
	at org.springframework.security.web.FilterChainProxy$VirtualFilterChain.doFilter(FilterChainProxy.java:346)
	at org.springframework.security.web.session.DisableEncodeUrlFilter.doFilterInternal(DisableEncodeUrlFilter.java:42)
	at org.springframework.web.filter.OncePerRequestFilter.doFilter(OncePerRequestFilter.java:117)
	at org.springframework.security.web.FilterChainProxy$VirtualFilterChain.doFilter(FilterChainProxy.java:346)
	at org.springframework.security.web.FilterChainProxy.doFilterInternal(FilterChainProxy.java:221)
	at org.springframework.security.web.FilterChainProxy.doFilter(FilterChainProxy.java:186)
	at org.springframework.web.filter.DelegatingFilterProxy.invokeDelegate(DelegatingFilterProxy.java:354)
	at org.springframework.web.filter.DelegatingFilterProxy.doFilter(DelegatingFilterProxy.java:267)
	at org.apache.catalina.core.ApplicationFilterChain.internalDoFilter(ApplicationFilterChain.java:189)
	at org.apache.catalina.core.ApplicationFilterChain.doFilter(ApplicationFilterChain.java:162)
	at org.springframework.web.filter.RequestContextFilter.doFilterInternal(RequestContextFilter.java:100)
	at org.springframework.web.filter.OncePerRequestFilter.doFilter(OncePerRequestFilter.java:117)
	at org.apache.catalina.core.ApplicationFilterChain.internalDoFilter(ApplicationFilterChain.java:189)
	at org.apache.catalina.core.ApplicationFilterChain.doFilter(ApplicationFilterChain.java:162)
	at org.springframework.web.filter.FormContentFilter.doFilterInternal(FormContentFilter.java:93)
	at org.springframework.web.filter.OncePerRequestFilter.doFilter(OncePerRequestFilter.java:117)
	at org.apache.catalina.core.ApplicationFilterChain.internalDoFilter(ApplicationFilterChain.java:189)
	at org.apache.catalina.core.ApplicationFilterChain.doFilter(ApplicationFilterChain.java:162)
	at org.springframework.web.filter.CharacterEncodingFilter.doFilterInternal(CharacterEncodingFilter.java:201)
	at org.springframework.web.filter.OncePerRequestFilter.doFilter(OncePerRequestFilter.java:117)
	at org.apache.catalina.core.ApplicationFilterChain.internalDoFilter(ApplicationFilterChain.java:189)
	at org.apache.catalina.core.ApplicationFilterChain.doFilter(ApplicationFilterChain.java:162)
	at org.apache.catalina.core.StandardWrapperValve.invoke(StandardWrapperValve.java:177)
	at org.apache.catalina.core.StandardContextValve.invoke(StandardContextValve.java:97)
	at org.apache.catalina.authenticator.AuthenticatorBase.invoke(AuthenticatorBase.java:541)
	at org.apache.catalina.core.StandardHostValve.invoke(StandardHostValve.java:135)
	at org.apache.catalina.valves.ErrorReportValve.invoke(ErrorReportValve.java:92)
	at org.apache.catalina.core.StandardEngineValve.invoke(StandardEngineValve.java:78)
	at org.apache.catalina.connector.CoyoteAdapter.service(CoyoteAdapter.java:360)
	at org.apache.coyote.http11.Http11Processor.service(Http11Processor.java:399)
	at org.apache.coyote.AbstractProcessorLight.process(AbstractProcessorLight.java:65)
	at org.apache.coyote.AbstractProtocol$ConnectionHandler.process(AbstractProtocol.java:891)
	at org.apache.tomcat.util.net.NioEndpoint$SocketProcessor.doRun(NioEndpoint.java:1784)
	at org.apache.tomcat.util.net.SocketProcessorBase.run(SocketProcessorBase.java:49)
	at org.apache.tomcat.util.threads.ThreadPoolExecutor.runWorker(ThreadPoolExecutor.java:1191)
	at org.apache.tomcat.util.threads.ThreadPoolExecutor$Worker.run(ThreadPoolExecutor.java:659)
	at org.apache.tomcat.util.threads.TaskThread$WrappingRunnable.run(TaskThread.java:61)
	at java.lang.Thread.run(Thread.java:748)
[2023-02-24 16:58:59.689] [INFO ] [SpringApplicationShutdownHook] org.springframework.orm.jpa.LocalContainerEntityManagerFactoryBean Closing JPA EntityManagerFactory for persistence unit 'default'
[2023-02-24 16:58:59.691] [INFO ] [SpringApplicationShutdownHook] com.zaxxer.hikari.HikariDataSource HikariPool-1 - Shutdown initiated...
[2023-02-24 16:58:59.692] [INFO ] [SpringApplicationShutdownHook] com.zaxxer.hikari.HikariDataSource HikariPool-1 - Shutdown completed.
[2023-02-24 16:59:03.090] [INFO ] [main] com.springboot.myfirsttime.MyfirsttimeApplication Starting MyfirsttimeApplication using Java 1.8.0_202 on DESKTOP-1U5LA4H with PID 10364 (D:\IntelliJProj\myfirsttime\target\classes started by khyme in D:\IntelliJProj\myfirsttime)
[2023-02-24 16:59:03.092] [INFO ] [main] com.springboot.myfirsttime.MyfirsttimeApplication No active profile set, falling back to 1 default profile: "default"
[2023-02-24 16:59:03.670] [INFO ] [main] org.springframework.data.repository.config.RepositoryConfigurationDelegate Bootstrapping Spring Data JPA repositories in DEFAULT mode.
[2023-02-24 16:59:03.712] [INFO ] [main] org.springframework.data.repository.config.RepositoryConfigurationDelegate Finished Spring Data repository scanning in 37 ms. Found 2 JPA repository interfaces.
[2023-02-24 16:59:04.164] [INFO ] [main] org.springframework.boot.web.embedded.tomcat.TomcatWebServer Tomcat initialized with port(s): 8080 (http)
[2023-02-24 16:59:04.171] [INFO ] [main] org.apache.coyote.http11.Http11NioProtocol Initializing ProtocolHandler ["http-nio-8080"]
[2023-02-24 16:59:04.171] [INFO ] [main] org.apache.catalina.core.StandardService Starting service [Tomcat]
[2023-02-24 16:59:04.171] [INFO ] [main] org.apache.catalina.core.StandardEngine Starting Servlet engine: [Apache Tomcat/9.0.70]
[2023-02-24 16:59:04.286] [INFO ] [main] org.apache.catalina.core.ContainerBase.[Tomcat].[localhost].[/] Initializing Spring embedded WebApplicationContext
[2023-02-24 16:59:04.286] [INFO ] [main] org.springframework.boot.web.servlet.context.ServletWebServerApplicationContext Root WebApplicationContext: initialization completed in 1158 ms
[2023-02-24 16:59:04.484] [INFO ] [main] org.hibernate.jpa.internal.util.LogHelper HHH000204: Processing PersistenceUnitInfo [name: default]
[2023-02-24 16:59:04.520] [INFO ] [main] org.hibernate.Version HHH000412: Hibernate ORM core version 5.6.14.Final
[2023-02-24 16:59:04.629] [INFO ] [main] org.hibernate.annotations.common.Version HCANN000001: Hibernate Commons Annotations {5.1.2.Final}
[2023-02-24 16:59:04.695] [INFO ] [main] com.zaxxer.hikari.HikariDataSource HikariPool-1 - Starting...
[2023-02-24 16:59:04.741] [INFO ] [main] com.zaxxer.hikari.HikariDataSource HikariPool-1 - Start completed.
[2023-02-24 16:59:04.763] [INFO ] [main] org.hibernate.dialect.Dialect HHH000400: Using dialect: org.hibernate.dialect.MariaDB106Dialect
[2023-02-24 16:59:05.330] [INFO ] [main] org.hibernate.engine.transaction.jta.platform.internal.JtaPlatformInitiator HHH000490: Using JtaPlatform implementation: [org.hibernate.engine.transaction.jta.platform.internal.NoJtaPlatform]
[2023-02-24 16:59:05.336] [INFO ] [main] org.springframework.orm.jpa.LocalContainerEntityManagerFactoryBean Initialized JPA EntityManagerFactory for persistence unit 'default'
[2023-02-24 16:59:05.677] [INFO ] [main] com.springboot.myfirsttime.config.security.JwtTokenProvider [init] JwtTokenProvider 내 secretKey 초기화 시작
[2023-02-24 16:59:05.678] [INFO ] [main] com.springboot.myfirsttime.config.security.JwtTokenProvider [init] JwtTokenProvider 내 secretKey 초기화 완료
[2023-02-24 16:59:05.842] [WARN ] [main] org.springframework.boot.autoconfigure.orm.jpa.JpaBaseConfiguration$JpaWebConfiguration spring.jpa.open-in-view is enabled by default. Therefore, database queries may be performed during view rendering. Explicitly configure spring.jpa.open-in-view to disable this warning
[2023-02-24 16:59:05.964] [INFO ] [main] springfox.documentation.spring.web.PropertySourcedRequestMappingHandlerMapping Mapped URL path [/v2/api-docs] onto method [springfox.documentation.swagger2.web.Swagger2Controller#getDocumentation(String, HttpServletRequest)]
[2023-02-24 16:59:06.185] [INFO ] [main] org.springframework.security.web.DefaultSecurityFilterChain Will secure any request with [org.springframework.security.web.session.DisableEncodeUrlFilter@29b5e7db, org.springframework.security.web.context.request.async.WebAsyncManagerIntegrationFilter@286dfa20, org.springframework.security.web.context.SecurityContextPersistenceFilter@72ceafeb, org.springframework.security.web.header.HeaderWriterFilter@14b48f39, org.springframework.security.web.authentication.logout.LogoutFilter@24f90aff, com.springboot.myfirsttime.config.security.JwtAuthenticationFilter@1468e880, org.springframework.security.web.savedrequest.RequestCacheAwareFilter@28e91f6d, org.springframework.security.web.servletapi.SecurityContextHolderAwareRequestFilter@11e24688, org.springframework.security.web.authentication.AnonymousAuthenticationFilter@508f4bb5, org.springframework.security.web.session.SessionManagementFilter@3bcedb06, org.springframework.security.web.access.ExceptionTranslationFilter@93fb44, org.springframework.security.web.access.intercept.FilterSecurityInterceptor@66944c7c]
[2023-02-24 16:59:06.333] [WARN ] [main] org.springframework.security.config.annotation.web.builders.WebSecurity You are asking Spring Security to ignore Ant [pattern='/v2/api-docs']. This is not recommended -- please use permitAll via HttpSecurity#authorizeHttpRequests instead.
[2023-02-24 16:59:06.333] [INFO ] [main] org.springframework.security.web.DefaultSecurityFilterChain Will not secure Ant [pattern='/v2/api-docs']
[2023-02-24 16:59:06.334] [WARN ] [main] org.springframework.security.config.annotation.web.builders.WebSecurity You are asking Spring Security to ignore Ant [pattern='/swagger-resources/**']. This is not recommended -- please use permitAll via HttpSecurity#authorizeHttpRequests instead.
[2023-02-24 16:59:06.334] [INFO ] [main] org.springframework.security.web.DefaultSecurityFilterChain Will not secure Ant [pattern='/swagger-resources/**']
[2023-02-24 16:59:06.334] [WARN ] [main] org.springframework.security.config.annotation.web.builders.WebSecurity You are asking Spring Security to ignore Ant [pattern='/swagger-ui.html']. This is not recommended -- please use permitAll via HttpSecurity#authorizeHttpRequests instead.
[2023-02-24 16:59:06.334] [INFO ] [main] org.springframework.security.web.DefaultSecurityFilterChain Will not secure Ant [pattern='/swagger-ui.html']
[2023-02-24 16:59:06.334] [WARN ] [main] org.springframework.security.config.annotation.web.builders.WebSecurity You are asking Spring Security to ignore Ant [pattern='/webjars/**']. This is not recommended -- please use permitAll via HttpSecurity#authorizeHttpRequests instead.
[2023-02-24 16:59:06.334] [INFO ] [main] org.springframework.security.web.DefaultSecurityFilterChain Will not secure Ant [pattern='/webjars/**']
[2023-02-24 16:59:06.334] [WARN ] [main] org.springframework.security.config.annotation.web.builders.WebSecurity You are asking Spring Security to ignore Ant [pattern='sign-api/exception']. This is not recommended -- please use permitAll via HttpSecurity#authorizeHttpRequests instead.
[2023-02-24 16:59:06.334] [INFO ] [main] org.springframework.security.web.DefaultSecurityFilterChain Will not secure Ant [pattern='sign-api/exception']
[2023-02-24 16:59:06.355] [INFO ] [main] org.apache.coyote.http11.Http11NioProtocol Starting ProtocolHandler ["http-nio-8080"]
[2023-02-24 16:59:06.367] [INFO ] [main] org.springframework.boot.web.embedded.tomcat.TomcatWebServer Tomcat started on port(s): 8080 (http) with context path ''
[2023-02-24 16:59:06.368] [INFO ] [main] springfox.documentation.spring.web.plugins.DocumentationPluginsBootstrapper Context refreshed
[2023-02-24 16:59:06.381] [INFO ] [main] springfox.documentation.spring.web.plugins.DocumentationPluginsBootstrapper Found 1 custom documentation plugin(s)
[2023-02-24 16:59:06.403] [INFO ] [main] springfox.documentation.spring.web.scanners.ApiListingReferenceScanner Scanning for api listing references
[2023-02-24 16:59:06.508] [INFO ] [main] com.springboot.myfirsttime.MyfirsttimeApplication Started MyfirsttimeApplication in 3.761 seconds (JVM running for 4.107)
[2023-02-24 16:59:14.474] [INFO ] [http-nio-8080-exec-1] org.apache.catalina.core.ContainerBase.[Tomcat].[localhost].[/] Initializing Spring DispatcherServlet 'dispatcherServlet'
[2023-02-24 16:59:14.475] [INFO ] [http-nio-8080-exec-1] org.springframework.web.servlet.DispatcherServlet Initializing Servlet 'dispatcherServlet'
[2023-02-24 16:59:14.477] [INFO ] [http-nio-8080-exec-1] org.springframework.web.servlet.DispatcherServlet Completed initialization in 2 ms
[2023-02-24 16:59:14.487] [INFO ] [http-nio-8080-exec-1] com.springboot.myfirsttime.config.security.JwtTokenProvider [resolveToken] HTTP 헤더에서 Token 값 추출
[2023-02-24 16:59:14.488] [INFO ] [http-nio-8080-exec-1] com.springboot.myfirsttime.config.security.JwtAuthenticationFilter [doFilterInternal] token 값 추출 완료 , .token : null
[2023-02-24 16:59:14.488] [INFO ] [http-nio-8080-exec-1] com.springboot.myfirsttime.config.security.JwtAuthenticationFilter [doFilterInternal] token 값 유효성 체크 시작
[2023-02-24 16:59:14.512] [INFO ] [http-nio-8080-exec-1] com.springboot.myfirsttime.board.service.impl.BoardServiceImpl [writeBoard] 글 작성 메소드 시작
[2023-02-24 16:59:14.513] [INFO ] [http-nio-8080-exec-1] com.springboot.myfirsttime.board.service.impl.BoardServiceImpl [writeBoard] BoardRequestDto 전달 완료
[2023-02-24 16:59:14.581] [INFO ] [http-nio-8080-exec-1] com.springboot.myfirsttime.board.service.impl.BoardServiceImpl [writeBoard] 글 작성 완료
[2023-02-24 16:59:19.221] [INFO ] [http-nio-8080-exec-3] com.springboot.myfirsttime.config.security.JwtTokenProvider [resolveToken] HTTP 헤더에서 Token 값 추출
[2023-02-24 16:59:19.221] [INFO ] [http-nio-8080-exec-3] com.springboot.myfirsttime.config.security.JwtAuthenticationFilter [doFilterInternal] token 값 추출 완료 , .token : null
[2023-02-24 16:59:19.221] [INFO ] [http-nio-8080-exec-3] com.springboot.myfirsttime.config.security.JwtAuthenticationFilter [doFilterInternal] token 값 유효성 체크 시작
[2023-02-24 16:59:19.226] [INFO ] [http-nio-8080-exec-3] com.springboot.myfirsttime.board.service.impl.BoardServiceImpl [showBoardList] 글 출력 시작
[2023-02-24 16:59:19.357] [INFO ] [http-nio-8080-exec-3] com.springboot.myfirsttime.board.service.impl.BoardServiceImpl [showBoardList] 글 출력 완료
[2023-02-24 16:59:22.379] [INFO ] [http-nio-8080-exec-4] com.springboot.myfirsttime.config.security.JwtTokenProvider [resolveToken] HTTP 헤더에서 Token 값 추출
[2023-02-24 16:59:22.380] [INFO ] [http-nio-8080-exec-4] com.springboot.myfirsttime.config.security.JwtAuthenticationFilter [doFilterInternal] token 값 추출 완료 , .token : null
[2023-02-24 16:59:22.380] [INFO ] [http-nio-8080-exec-4] com.springboot.myfirsttime.config.security.JwtAuthenticationFilter [doFilterInternal] token 값 유효성 체크 시작
[2023-02-24 16:59:22.382] [INFO ] [http-nio-8080-exec-4] com.springboot.myfirsttime.board.service.impl.BoardServiceImpl [showBoardList] 글 출력 시작
[2023-02-24 16:59:22.384] [INFO ] [http-nio-8080-exec-4] com.springboot.myfirsttime.board.service.impl.BoardServiceImpl [showBoardList] 글 출력 완료
[2023-02-24 16:59:29.305] [INFO ] [SpringApplicationShutdownHook] org.springframework.orm.jpa.LocalContainerEntityManagerFactoryBean Closing JPA EntityManagerFactory for persistence unit 'default'
[2023-02-24 16:59:29.307] [INFO ] [SpringApplicationShutdownHook] com.zaxxer.hikari.HikariDataSource HikariPool-1 - Shutdown initiated...
[2023-02-24 16:59:29.309] [INFO ] [SpringApplicationShutdownHook] com.zaxxer.hikari.HikariDataSource HikariPool-1 - Shutdown completed.
